WARN [2024-12-24 02:44:40.382] [pool-1-thread-3] [org.example.TestLogger3] [0281b4b9-86ae-4ed7-b014-a7dd4922f602] [RZP6481] Warning message 0 from Logger3
INFO [2024-12-24 02:44:40.382] [pool-1-thread-10] [org.example.TestLogger10] [e727662f-fc04-42b7-a265-871da1c6502b] [RZP6481] Message 0 from Logger10
INFO [2024-12-24 02:44:40.382] [pool-1-thread-4] [org.example.TestLogger4] [212c6c73-fc4e-4515-af8f-00720b807ffa] [RZP6481] Message 0 from Logger4
INFO [2024-12-24 02:44:40.382] [pool-1-thread-5] [org.example.TestLogger5] [d8624676-2642-4b0d-9899-c6b62a1a3e43] [RZP6481] Message 0 from Logger5
INFO [2024-12-24 02:44:40.383] [pool-1-thread-6] [org.example.TestLogger6] [754b88ef-1383-4d35-854d-348c6a456bfc] [RZP6481] Message 0 from Logger6
INFO [2024-12-24 02:44:40.382] [pool-1-thread-7] [org.example.TestLogger7] [e6a27aa8-9892-4dfa-b9e5-90423ee76ddd] [RZP6481] Message 0 from Logger7
INFO [2024-12-24 02:44:40.382] [pool-1-thread-8] [org.example.TestLogger8] [acb66558-9e30-447c-b00a-27834130c58e] [RZP6481] Message 0 from Logger8
INFO [2024-12-24 02:44:40.382] [pool-1-thread-1] [org.example.TestLogger1] [0c901f1d-46b9-46c1-980b-9381c29575d2] [RZP6481] Test message 0 from Logger1
DEBUG [2024-12-24 02:44:40.383] [pool-1-thread-2] [org.example.TestLogger2] [30db725b-1062-4f2c-b49b-78beb46102af] [RZP6481] Debug message 0 from Logger2
INFO [2024-12-24 02:44:40.383] [pool-1-thread-9] [org.example.TestLogger9] [afacc993-96b4-4f0a-9ba9-b03976bfd1f3] [RZP6481] Message 0 from Logger9
ERROR [2024-12-24 02:45:30.438] [pool-1-thread-2] [org.example.TestLogger2] [4314653e-ee93-43d9-aaa9-8a8bf5ff883d] [RZP6481] Error in Logger2
java.lang.RuntimeException: Test exception
	at org.example.TestLogger2.run(TestLogger2.java:13)
	at org.example.LoggerParallelTest2.lambda$createRunnableWithLatch$4(LoggerParallelTest2.java:108)
	at java.util.concurrent.Executors$RunnableAdapter.call(Executors.java:511)
	at java.util.concurrent.FutureTask.run$$$capture(FutureTask.java:266)
	at java.util.concurrent.FutureTask.run(FutureTask.java)
	at --- Async.Stack.Trace --- (captured by IntelliJ IDEA debugger)
	at java.util.concurrent.FutureTask.<init>(FutureTask.java:151)
	at java.util.concurrent.AbstractExecutorService.newTaskFor(AbstractExecutorService.java:87)
	at java.util.concurrent.AbstractExecutorService.submit(AbstractExecutorService.java:111)
	at org.example.LoggerParallelTest2.submitLoggerTasks(LoggerParallelTest2.java:94)
	at org.example.LoggerParallelTest2.testParallelLogging(LoggerParallelTest2.java:41)
	at sun.reflect.NativeMethodAccessorImpl.invoke0(Native Method)
	at sun.reflect.NativeMethodAccessorImpl.invoke(NativeMethodAccessorImpl.java:62)
	at sun.reflect.DelegatingMethodAccessorImpl.invoke(DelegatingMethodAccessorImpl.java:43)
	at java.lang.reflect.Method.invoke(Method.java:498)
	at org.junit.runners.model.FrameworkMethod$1.runReflectiveCall(FrameworkMethod.java:59)
	at org.junit.internal.runners.model.ReflectiveCallable.run(ReflectiveCallable.java:12)
	at org.junit.runners.model.FrameworkMethod.invokeExplosively(FrameworkMethod.java:56)
	at org.junit.internal.runners.statements.InvokeMethod.evaluate(InvokeMethod.java:17)
	at org.junit.runners.ParentRunner$3.evaluate(ParentRunner.java:306)
	at org.junit.runners.BlockJUnit4ClassRunner$1.evaluate(BlockJUnit4ClassRunner.java:100)
	at org.junit.runners.ParentRunner.runLeaf(ParentRunner.java:366)
	at org.junit.runners.BlockJUnit4ClassRunner.runChild(BlockJUnit4ClassRunner.java:103)
	at org.junit.runners.BlockJUnit4ClassRunner.runChild(BlockJUnit4ClassRunner.java:63)
	at org.junit.runners.ParentRunner$4.run(ParentRunner.java:331)
	at org.junit.runners.ParentRunner$1.schedule(ParentRunner.java:79)
	at org.junit.runners.ParentRunner.runChildren(ParentRunner.java:329)
	at org.junit.runners.ParentRunner.access$100(ParentRunner.java:66)
	at org.junit.runners.ParentRunner$2.evaluate(ParentRunner.java:293)
	at org.junit.runners.ParentRunner$3.evaluate(ParentRunner.java:306)
	at org.junit.runners.ParentRunner.run(ParentRunner.java:413)
	at org.junit.runner.JUnitCore.run(JUnitCore.java:137)
	at com.intellij.junit4.JUnit4IdeaTestRunner.startRunnerWithArgs(JUnit4IdeaTestRunner.java:69)
	at com.intellij.rt.junit.IdeaTestRunner$Repeater$1.execute(IdeaTestRunner.java:38)
	at com.intellij.rt.execution.junit.TestsRepeater.repeat(TestsRepeater.java:11)
	at com.intellij.rt.junit.IdeaTestRunner$Repeater.startRunnerWithArgs(IdeaTestRunner.java:35)
	at com.intellij.rt.junit.JUnitStarter.prepareStreamsAndStart(JUnitStarter.java:232)
	at com.intellij.rt.junit.JUnitStarter.main(JUnitStarter.java:55)

INFO [2024-12-24 02:45:25.426] [pool-1-thread-1] [org.example.TestLogger1] [6f72743a-4354-4a6d-974f-4e1bb7975c5e] [RZP6481] Test message 1 from Logger1
INFO [2024-12-24 02:45:20.418] [pool-1-thread-8] [org.example.TestLogger8] [691fc6f0-9bf7-401e-a105-8207be3dda81] [RZP6481] Message 1 from Logger8
INFO [2024-12-24 02:45:15.411] [pool-1-thread-7] [org.example.TestLogger7] [958cda06-80a0-4a7a-bf86-2b39bcae5675] [RZP6481] Message 1 from Logger7
INFO [2024-12-24 02:45:10.406] [pool-1-thread-6] [org.example.TestLogger6] [9936e7fc-0f26-4a66-9638-9d09133fcf92] [RZP6481] Message 1 from Logger6
INFO [2024-12-24 02:45:05.400] [pool-1-thread-5] [org.example.TestLogger5] [3ebb9047-a38c-4053-ac8d-bb91ec4e1c54] [RZP6481] Message 1 from Logger5
INFO [2024-12-24 02:45:00.396] [pool-1-thread-4] [org.example.TestLogger4] [df728eaa-54d9-49e0-86ee-bb40dede056c] [RZP6481] Message 1 from Logger4
INFO [2024-12-24 02:44:55.389] [pool-1-thread-10] [org.example.TestLogger10] [171e82e2-9c14-4cec-9530-f98703389c09] [RZP6481] Message 1 from Logger10
WARN [2024-12-24 02:44:50.416] [pool-1-thread-3] [org.example.TestLogger3] [5390535a-43df-46f4-b338-212cb882f699] [RZP6481] Warning message 1 from Logger3
INFO [2024-12-24 02:46:15.486] [pool-1-thread-10] [org.example.TestLogger10] [2cd6b84d-084f-4f38-8817-86acd49fabb6] [RZP6481] Message 2 from Logger10
INFO [2024-12-24 02:46:10.480] [pool-1-thread-4] [org.example.TestLogger4] [2ceb7e92-25da-4f80-a63d-2e6dab2c49bd] [RZP6481] Message 2 from Logger4
INFO [2024-12-24 02:46:05.475] [pool-1-thread-5] [org.example.TestLogger5] [c8ee99e0-c54e-4c4a-9a7b-96c7a2f70792] [RZP6481] Message 2 from Logger5
